<?xml version="1.0" encoding="UTF-8"?>
<!-- Generated by org.testng.reporters.JUnitReportReporter -->
<testsuite hostname="LAPTOP-K3Q77FD2" failures="0" tests="2" name="metswift.MetswiftLogin" time="9.411" errors="0" timestamp="2022-05-13T11:23:27 IST" skipped="0">
  <testcase classname="metswift.MetswiftLogin" name="getmodels" time="7.792"/>
  <system-out/>
  <testcase classname="metswift.MetswiftLogin" name="addevent" time="1.619"/>
  <system-out/>
</testsuite> <!-- metswift.MetswiftLogin -->
